<?xml version="1.0" encoding="UTF-8" ?>
<testsuite tests="25" failures="0" name="br.com.contmatic.empresa.FornecedorTest" time="0" errors="0" skipped="0">
  <properties>
[...]
</properties>
  <testcase classname="br.com.contmatic.empresa.FornecedorTest" name="deve_retornar_false_no_equals_com_a_fornecedor_e_um_numero_aleatorio" time="0"/>
  <testcase classname="br.com.contmatic.empresa.FornecedorTest" name="deve_retornar_false_no_equals_com_fornecedores_de_cnpj_diferentes" time="0"/>
  <testcase classname="br.com.contmatic.empresa.FornecedorTest" name="deve_retornar_false_no_equals_com_um_fornecedor_de_cnpj_null" time="0"/>
  <testcase classname="br.com.contmatic.empresa.FornecedorTest" name="deve_retornar_false_no_equals_comparando_um_fornecedor_com_null" time="0"/>
  <testcase classname="br.com.contmatic.empresa.FornecedorTest" name="deve_retornar_false_no_hashCode_com_uma_fornecedor_de_cnpj_null" time="0"/>
  <testcase classname="br.com.contmatic.empresa.FornecedorTest" name="deve_retornar_true_no_equals_com_fornecedores_iguais" time="0"/>
  <testcase classname="br.com.contmatic.empresa.FornecedorTest" name="deve_retornar_true_no_equals_comparando_dois_fornecedores_de_cnpj_null" time="0"/>
  <testcase classname="br.com.contmatic.empresa.FornecedorTest" name="deve_retornar_true_no_equals_comparando_um_fornecedor_com_ela_mesmo" time="0"/>
  <testcase classname="br.com.contmatic.empresa.FornecedorTest" name="deve_retornar_true_no_hashCode_com_fornecedor_iguais" time="0"/>
  <testcase classname="br.com.contmatic.empresa.FornecedorTest" name="deve_testar_se_a_entrada_de_cnpj_esta_igual" time="0"/>
  <testcase classname="br.com.contmatic.empresa.FornecedorTest" name="deve_testar_se_a_entrada_de_telefone_esta_igual" time="0"/>
  <testcase classname="br.com.contmatic.empresa.FornecedorTest" name="deve_testar_se_a_entrada_do_nome_esta_igual" time="0"/>
  <testcase classname="br.com.contmatic.empresa.FornecedorTest" name="deve_testar_se_a_entrada_do_valor_do_endereco_esta_igual" time="0"/>
  <testcase classname="br.com.contmatic.empresa.FornecedorTest" name="deve_testar_se_a_entrada_do_valor_do_produto_esta_igual" time="0"/>
  <testcase classname="br.com.contmatic.empresa.FornecedorTest" name="nao_deve_aceitar_cnpj_nulo" time="0"/>
  <testcase classname="br.com.contmatic.empresa.FornecedorTest" name="nao_deve_aceitar_endereco_nulo" time="0"/>
  <testcase classname="br.com.contmatic.empresa.FornecedorTest" name="nao_deve_aceitar_espacos_em_branco_no_cnpj" time="0"/>
  <testcase classname="br.com.contmatic.empresa.FornecedorTest" name="nao_deve_aceitar_espacos_em_branco_no_nome" time="0"/>
  <testcase classname="br.com.contmatic.empresa.FornecedorTest" name="nao_deve_aceitar_espacos_em_branco_no_produto" time="0"/>
  <testcase classname="br.com.contmatic.empresa.FornecedorTest" name="nao_deve_aceitar_espacos_em_branco_no_telefone" time="0"/>
  <testcase classname="br.com.contmatic.empresa.FornecedorTest" name="nao_deve_aceitar_nome_nulo" time="0"/>
  <testcase classname="br.com.contmatic.empresa.FornecedorTest" name="nao_deve_aceitar_produto_nulo" time="0"/>
  <testcase classname="br.com.contmatic.empresa.FornecedorTest" name="nao_deve_aceitar_telefone_nulo" time="0"/>
  <testcase classname="br.com.contmatic.empresa.FornecedorTest" name="toString_deve_retornar_null" time="0"/>
  <testcase classname="br.com.contmatic.empresa.FornecedorTest" name="toString_deve_retornar_valores_preenchidos" time="0"/>
</testsuite>